<?xml version="1.0" encoding="UTF-8"?>
<testsuite xmlns:xsi="http://www.w3.org/2001/XMLSchema-instance" xsi:noNamespaceSchemaLocation="https://maven.apache.org/surefire/maven-surefire-plugin/xsd/surefire-test-report-3.0.xsd" version="3.0" name="TestRunner.TestRunner" time="414.073" tests="2" errors="1" skipped="0" failures="0">
  <properties>
    <property name="sun.desktop" value="windows"/>
    <property name="awt.toolkit" value="sun.awt.windows.WToolkit"/>
    <property name="file.encoding.pkg" value="sun.io"/>
    <property name="java.specification.version" value="1.8"/>
    <property name="sun.cpu.isalist" value="amd64"/>
    <property name="sun.jnu.encoding" value="Cp1254"/>
    <property name="java.class.path" value="C:\Users\EVPC\IdeaProjects\hepsiburadaCase\target\test-classes;C:\Users\EVPC\IdeaProjects\hepsiburadaCase\target\classes;C:\Users\EVPC\.m2\repository\io\appium\java-client\7.5.1\java-client-7.5.1.jar;C:\Users\EVPC\.m2\repository\org\seleniumhq\selenium\selenium-support\3.141.59\selenium-support-3.141.59.jar;C:\Users\EVPC\.m2\repository\org\seleniumhq\selenium\selenium-api\3.141.59\selenium-api-3.141.59.jar;C:\Users\EVPC\.m2\repository\com\google\code\gson\gson\2.8.6\gson-2.8.6.jar;C:\Users\EVPC\.m2\repository\org\apache\httpcomponents\httpclient\4.5.13\httpclient-4.5.13.jar;C:\Users\EVPC\.m2\repository\org\apache\httpcomponents\httpcore\4.4.13\httpcore-4.4.13.jar;C:\Users\EVPC\.m2\repository\commons-logging\commons-logging\1.2\commons-logging-1.2.jar;C:\Users\EVPC\.m2\repository\commons-codec\commons-codec\1.11\commons-codec-1.11.jar;C:\Users\EVPC\.m2\repository\cglib\cglib\3.3.0\cglib-3.3.0.jar;C:\Users\EVPC\.m2\repository\org\ow2\asm\asm\7.1\asm-7.1.jar;C:\Users\EVPC\.m2\repository\commons-validator\commons-validator\1.7\commons-validator-1.7.jar;C:\Users\EVPC\.m2\repository\commons-beanutils\commons-beanutils\1.9.4\commons-beanutils-1.9.4.jar;C:\Users\EVPC\.m2\repository\commons-digester\commons-digester\2.1\commons-digester-2.1.jar;C:\Users\EVPC\.m2\repository\commons-collections\commons-collections\3.2.2\commons-collections-3.2.2.jar;C:\Users\EVPC\.m2\repository\org\apache\commons\commons-lang3\3.12.0\commons-lang3-3.12.0.jar;C:\Users\EVPC\.m2\repository\commons-io\commons-io\2.8.0\commons-io-2.8.0.jar;C:\Users\EVPC\.m2\repository\org\springframework\spring-context\5.3.4\spring-context-5.3.4.jar;C:\Users\EVPC\.m2\repository\org\springframework\spring-aop\5.3.4\spring-aop-5.3.4.jar;C:\Users\EVPC\.m2\repository\org\springframework\spring-beans\5.3.4\spring-beans-5.3.4.jar;C:\Users\EVPC\.m2\repository\org\springframework\spring-core\5.3.4\spring-core-5.3.4.jar;C:\Users\EVPC\.m2\repository\org\springframework\spring-jcl\5.3.4\spring-jcl-5.3.4.jar;C:\Users\EVPC\.m2\repository\org\springframework\spring-expression\5.3.4\spring-expression-5.3.4.jar;C:\Users\EVPC\.m2\repository\org\aspectj\aspectjweaver\1.9.6\aspectjweaver-1.9.6.jar;C:\Users\EVPC\.m2\repository\org\slf4j\slf4j-api\1.7.30\slf4j-api-1.7.30.jar;C:\Users\EVPC\.m2\repository\org\junit\jupiter\junit-jupiter-api\5.7.1\junit-jupiter-api-5.7.1.jar;C:\Users\EVPC\.m2\repository\org\apiguardian\apiguardian-api\1.1.0\apiguardian-api-1.1.0.jar;C:\Users\EVPC\.m2\repository\org\opentest4j\opentest4j\1.2.0\opentest4j-1.2.0.jar;C:\Users\EVPC\.m2\repository\org\junit\platform\junit-platform-commons\1.7.1\junit-platform-commons-1.7.1.jar;C:\Users\EVPC\.m2\repository\org\seleniumhq\selenium\selenium-java\3.141.59\selenium-java-3.141.59.jar;C:\Users\EVPC\.m2\repository\org\seleniumhq\selenium\selenium-chrome-driver\3.141.59\selenium-chrome-driver-3.141.59.jar;C:\Users\EVPC\.m2\repository\org\seleniumhq\selenium\selenium-edge-driver\3.141.59\selenium-edge-driver-3.141.59.jar;C:\Users\EVPC\.m2\repository\org\seleniumhq\selenium\selenium-firefox-driver\3.141.59\selenium-firefox-driver-3.141.59.jar;C:\Users\EVPC\.m2\repository\org\seleniumhq\selenium\selenium-ie-driver\3.141.59\selenium-ie-driver-3.141.59.jar;C:\Users\EVPC\.m2\repository\org\seleniumhq\selenium\selenium-opera-driver\3.141.59\selenium-opera-driver-3.141.59.jar;C:\Users\EVPC\.m2\repository\org\seleniumhq\selenium\selenium-remote-driver\3.141.59\selenium-remote-driver-3.141.59.jar;C:\Users\EVPC\.m2\repository\org\seleniumhq\selenium\selenium-safari-driver\3.141.59\selenium-safari-driver-3.141.59.jar;C:\Users\EVPC\.m2\repository\net\bytebuddy\byte-buddy\1.8.15\byte-buddy-1.8.15.jar;C:\Users\EVPC\.m2\repository\org\apache\commons\commons-exec\1.3\commons-exec-1.3.jar;C:\Users\EVPC\.m2\repository\com\google\guava\guava\25.0-jre\guava-25.0-jre.jar;C:\Users\EVPC\.m2\repository\com\google\code\findbugs\jsr305\1.3.9\jsr305-1.3.9.jar;C:\Users\EVPC\.m2\repository\org\checkerframework\checker-compat-qual\2.0.0\checker-compat-qual-2.0.0.jar;C:\Users\EVPC\.m2\repository\com\google\errorprone\error_prone_annotations\2.1.3\error_prone_annotations-2.1.3.jar;C:\Users\EVPC\.m2\repository\com\google\j2objc\j2objc-annotations\1.1\j2objc-annotations-1.1.jar;C:\Users\EVPC\.m2\repository\org\codehaus\mojo\animal-sniffer-annotations\1.14\animal-sniffer-annotations-1.14.jar;C:\Users\EVPC\.m2\repository\com\squareup\okhttp3\okhttp\3.11.0\okhttp-3.11.0.jar;C:\Users\EVPC\.m2\repository\com\squareup\okio\okio\1.14.0\okio-1.14.0.jar;C:\Users\EVPC\.m2\repository\io\cucumber\cucumber-java\6.10.4\cucumber-java-6.10.4.jar;C:\Users\EVPC\.m2\repository\io\cucumber\cucumber-core\6.10.4\cucumber-core-6.10.4.jar;C:\Users\EVPC\.m2\repository\io\cucumber\cucumber-gherkin\6.10.4\cucumber-gherkin-6.10.4.jar;C:\Users\EVPC\.m2\repository\io\cucumber\cucumber-gherkin-messages\6.10.4\cucumber-gherkin-messages-6.10.4.jar;C:\Users\EVPC\.m2\repository\io\cucumber\messages\15.0.0\messages-15.0.0.jar;C:\Users\EVPC\.m2\repository\io\cucumber\tag-expressions\3.0.1\tag-expressions-3.0.1.jar;C:\Users\EVPC\.m2\repository\io\cucumber\cucumber-expressions\10.3.0\cucumber-expressions-10.3.0.jar;C:\Users\EVPC\.m2\repository\io\cucumber\datatable\3.5.0\datatable-3.5.0.jar;C:\Users\EVPC\.m2\repository\io\cucumber\cucumber-plugin\6.10.4\cucumber-plugin-6.10.4.jar;C:\Users\EVPC\.m2\repository\io\cucumber\docstring\6.10.4\docstring-6.10.4.jar;C:\Users\EVPC\.m2\repository\io\cucumber\html-formatter\13.0.0\html-formatter-13.0.0.jar;C:\Users\EVPC\.m2\repository\io\cucumber\create-meta\4.0.0\create-meta-4.0.0.jar;C:\Users\EVPC\.m2\repository\io\cucumber\cucumber-junit\6.10.4\cucumber-junit-6.10.4.jar;C:\Users\EVPC\.m2\repository\junit\junit\4.13.2\junit-4.13.2.jar;C:\Users\EVPC\.m2\repository\org\hamcrest\hamcrest-core\1.3\hamcrest-core-1.3.jar;C:\Users\EVPC\.m2\repository\org\apache\logging\log4j\log4j-api\2.5\log4j-api-2.5.jar;C:\Users\EVPC\.m2\repository\org\apache\logging\log4j\log4j-core\2.5\log4j-core-2.5.jar;"/>
    <property name="java.vm.vendor" value="Oracle Corporation"/>
    <property name="sun.arch.data.model" value="64"/>
    <property name="user.variant" value=""/>
    <property name="java.vendor.url" value="http://java.oracle.com/"/>
    <property name="user.timezone" value="Asia/Istanbul"/>
    <property name="java.vm.specification.version" value="1.8"/>
    <property name="os.name" value="Windows 10"/>
    <property name="user.country" value="TR"/>
    <property name="sun.java.launcher" value="SUN_STANDARD"/>
    <property name="sun.boot.library.path" value="C:\Program Files\Java\jdk1.8.0_271\jre\bin"/>
    <property name="sun.java.command" value="C:\Users\EVPC\AppData\Local\Temp\surefire754410787664616032\surefirebooter6909901653859539734.jar C:\Users\EVPC\AppData\Local\Temp\surefire754410787664616032 2021-12-26T21-31-32_990-jvmRun1 surefire6468686025223162709tmp surefire_03276824336630973872tmp"/>
    <property name="surefire.test.class.path" value="C:\Users\EVPC\IdeaProjects\hepsiburadaCase\target\test-classes;C:\Users\EVPC\IdeaProjects\hepsiburadaCase\target\classes;C:\Users\EVPC\.m2\repository\io\appium\java-client\7.5.1\java-client-7.5.1.jar;C:\Users\EVPC\.m2\repository\org\seleniumhq\selenium\selenium-support\3.141.59\selenium-support-3.141.59.jar;C:\Users\EVPC\.m2\repository\org\seleniumhq\selenium\selenium-api\3.141.59\selenium-api-3.141.59.jar;C:\Users\EVPC\.m2\repository\com\google\code\gson\gson\2.8.6\gson-2.8.6.jar;C:\Users\EVPC\.m2\repository\org\apache\httpcomponents\httpclient\4.5.13\httpclient-4.5.13.jar;C:\Users\EVPC\.m2\repository\org\apache\httpcomponents\httpcore\4.4.13\httpcore-4.4.13.jar;C:\Users\EVPC\.m2\repository\commons-logging\commons-logging\1.2\commons-logging-1.2.jar;C:\Users\EVPC\.m2\repository\commons-codec\commons-codec\1.11\commons-codec-1.11.jar;C:\Users\EVPC\.m2\repository\cglib\cglib\3.3.0\cglib-3.3.0.jar;C:\Users\EVPC\.m2\repository\org\ow2\asm\asm\7.1\asm-7.1.jar;C:\Users\EVPC\.m2\repository\commons-validator\commons-validator\1.7\commons-validator-1.7.jar;C:\Users\EVPC\.m2\repository\commons-beanutils\commons-beanutils\1.9.4\commons-beanutils-1.9.4.jar;C:\Users\EVPC\.m2\repository\commons-digester\commons-digester\2.1\commons-digester-2.1.jar;C:\Users\EVPC\.m2\repository\commons-collections\commons-collections\3.2.2\commons-collections-3.2.2.jar;C:\Users\EVPC\.m2\repository\org\apache\commons\commons-lang3\3.12.0\commons-lang3-3.12.0.jar;C:\Users\EVPC\.m2\repository\commons-io\commons-io\2.8.0\commons-io-2.8.0.jar;C:\Users\EVPC\.m2\repository\org\springframework\spring-context\5.3.4\spring-context-5.3.4.jar;C:\Users\EVPC\.m2\repository\org\springframework\spring-aop\5.3.4\spring-aop-5.3.4.jar;C:\Users\EVPC\.m2\repository\org\springframework\spring-beans\5.3.4\spring-beans-5.3.4.jar;C:\Users\EVPC\.m2\repository\org\springframework\spring-core\5.3.4\spring-core-5.3.4.jar;C:\Users\EVPC\.m2\repository\org\springframework\spring-jcl\5.3.4\spring-jcl-5.3.4.jar;C:\Users\EVPC\.m2\repository\org\springframework\spring-expression\5.3.4\spring-expression-5.3.4.jar;C:\Users\EVPC\.m2\repository\org\aspectj\aspectjweaver\1.9.6\aspectjweaver-1.9.6.jar;C:\Users\EVPC\.m2\repository\org\slf4j\slf4j-api\1.7.30\slf4j-api-1.7.30.jar;C:\Users\EVPC\.m2\repository\org\junit\jupiter\junit-jupiter-api\5.7.1\junit-jupiter-api-5.7.1.jar;C:\Users\EVPC\.m2\repository\org\apiguardian\apiguardian-api\1.1.0\apiguardian-api-1.1.0.jar;C:\Users\EVPC\.m2\repository\org\opentest4j\opentest4j\1.2.0\opentest4j-1.2.0.jar;C:\Users\EVPC\.m2\repository\org\junit\platform\junit-platform-commons\1.7.1\junit-platform-commons-1.7.1.jar;C:\Users\EVPC\.m2\repository\org\seleniumhq\selenium\selenium-java\3.141.59\selenium-java-3.141.59.jar;C:\Users\EVPC\.m2\repository\org\seleniumhq\selenium\selenium-chrome-driver\3.141.59\selenium-chrome-driver-3.141.59.jar;C:\Users\EVPC\.m2\repository\org\seleniumhq\selenium\selenium-edge-driver\3.141.59\selenium-edge-driver-3.141.59.jar;C:\Users\EVPC\.m2\repository\org\seleniumhq\selenium\selenium-firefox-driver\3.141.59\selenium-firefox-driver-3.141.59.jar;C:\Users\EVPC\.m2\repository\org\seleniumhq\selenium\selenium-ie-driver\3.141.59\selenium-ie-driver-3.141.59.jar;C:\Users\EVPC\.m2\repository\org\seleniumhq\selenium\selenium-opera-driver\3.141.59\selenium-opera-driver-3.141.59.jar;C:\Users\EVPC\.m2\repository\org\seleniumhq\selenium\selenium-remote-driver\3.141.59\selenium-remote-driver-3.141.59.jar;C:\Users\EVPC\.m2\repository\org\seleniumhq\selenium\selenium-safari-driver\3.141.59\selenium-safari-driver-3.141.59.jar;C:\Users\EVPC\.m2\repository\net\bytebuddy\byte-buddy\1.8.15\byte-buddy-1.8.15.jar;C:\Users\EVPC\.m2\repository\org\apache\commons\commons-exec\1.3\commons-exec-1.3.jar;C:\Users\EVPC\.m2\repository\com\google\guava\guava\25.0-jre\guava-25.0-jre.jar;C:\Users\EVPC\.m2\repository\com\google\code\findbugs\jsr305\1.3.9\jsr305-1.3.9.jar;C:\Users\EVPC\.m2\repository\org\checkerframework\checker-compat-qual\2.0.0\checker-compat-qual-2.0.0.jar;C:\Users\EVPC\.m2\repository\com\google\errorprone\error_prone_annotations\2.1.3\error_prone_annotations-2.1.3.jar;C:\Users\EVPC\.m2\repository\com\google\j2objc\j2objc-annotations\1.1\j2objc-annotations-1.1.jar;C:\Users\EVPC\.m2\repository\org\codehaus\mojo\animal-sniffer-annotations\1.14\animal-sniffer-annotations-1.14.jar;C:\Users\EVPC\.m2\repository\com\squareup\okhttp3\okhttp\3.11.0\okhttp-3.11.0.jar;C:\Users\EVPC\.m2\repository\com\squareup\okio\okio\1.14.0\okio-1.14.0.jar;C:\Users\EVPC\.m2\repository\io\cucumber\cucumber-java\6.10.4\cucumber-java-6.10.4.jar;C:\Users\EVPC\.m2\repository\io\cucumber\cucumber-core\6.10.4\cucumber-core-6.10.4.jar;C:\Users\EVPC\.m2\repository\io\cucumber\cucumber-gherkin\6.10.4\cucumber-gherkin-6.10.4.jar;C:\Users\EVPC\.m2\repository\io\cucumber\cucumber-gherkin-messages\6.10.4\cucumber-gherkin-messages-6.10.4.jar;C:\Users\EVPC\.m2\repository\io\cucumber\messages\15.0.0\messages-15.0.0.jar;C:\Users\EVPC\.m2\repository\io\cucumber\tag-expressions\3.0.1\tag-expressions-3.0.1.jar;C:\Users\EVPC\.m2\repository\io\cucumber\cucumber-expressions\10.3.0\cucumber-expressions-10.3.0.jar;C:\Users\EVPC\.m2\repository\io\cucumber\datatable\3.5.0\datatable-3.5.0.jar;C:\Users\EVPC\.m2\repository\io\cucumber\cucumber-plugin\6.10.4\cucumber-plugin-6.10.4.jar;C:\Users\EVPC\.m2\repository\io\cucumber\docstring\6.10.4\docstring-6.10.4.jar;C:\Users\EVPC\.m2\repository\io\cucumber\html-formatter\13.0.0\html-formatter-13.0.0.jar;C:\Users\EVPC\.m2\repository\io\cucumber\create-meta\4.0.0\create-meta-4.0.0.jar;C:\Users\EVPC\.m2\repository\io\cucumber\cucumber-junit\6.10.4\cucumber-junit-6.10.4.jar;C:\Users\EVPC\.m2\repository\junit\junit\4.13.2\junit-4.13.2.jar;C:\Users\EVPC\.m2\repository\org\hamcrest\hamcrest-core\1.3\hamcrest-core-1.3.jar;C:\Users\EVPC\.m2\repository\org\apache\logging\log4j\log4j-api\2.5\log4j-api-2.5.jar;C:\Users\EVPC\.m2\repository\org\apache\logging\log4j\log4j-core\2.5\log4j-core-2.5.jar;"/>
    <property name="sun.cpu.endian" value="little"/>
    <property name="user.home" value="C:\Users\EVPC"/>
    <property name="user.language" value="tr"/>
    <property name="java.specification.vendor" value="Oracle Corporation"/>
    <property name="java.home" value="C:\Program Files\Java\jdk1.8.0_271\jre"/>
    <property name="basedir" value="C:\Users\EVPC\IdeaProjects\hepsiburadaCase"/>
    <property name="file.separator" value="\"/>
    <property name="line.separator" value="&#10;"/>
    <property name="java.vm.specification.vendor" value="Oracle Corporation"/>
    <property name="java.specification.name" value="Java Platform API Specification"/>
    <property name="java.awt.graphicsenv" value="sun.awt.Win32GraphicsEnvironment"/>
    <property name="surefire.real.class.path" value="C:\Users\EVPC\AppData\Local\Temp\surefire754410787664616032\surefirebooter6909901653859539734.jar"/>
    <property name="sun.boot.class.path" value="C:\Program Files\Java\jdk1.8.0_271\jre\lib\resources.jar;C:\Program Files\Java\jdk1.8.0_271\jre\lib\rt.jar;C:\Program Files\Java\jdk1.8.0_271\jre\lib\sunrsasign.jar;C:\Program Files\Java\jdk1.8.0_271\jre\lib\jsse.jar;C:\Program Files\Java\jdk1.8.0_271\jre\lib\jce.jar;C:\Program Files\Java\jdk1.8.0_271\jre\lib\charsets.jar;C:\Program Files\Java\jdk1.8.0_271\jre\lib\jfr.jar;C:\Program Files\Java\jdk1.8.0_271\jre\classes"/>
    <property name="user.script" value=""/>
    <property name="sun.management.compiler" value="HotSpot 64-Bit Tiered Compilers"/>
    <property name="java.runtime.version" value="1.8.0_271-b09"/>
    <property name="user.name" value="EVPC"/>
    <property name="path.separator" value=";"/>
    <property name="os.version" value="10.0"/>
    <property name="java.endorsed.dirs" value="C:\Program Files\Java\jdk1.8.0_271\jre\lib\endorsed"/>
    <property name="java.runtime.name" value="Java(TM) SE Runtime Environment"/>
    <property name="file.encoding" value="Cp1254"/>
    <property name="java.vm.name" value="Java HotSpot(TM) 64-Bit Server VM"/>
    <property name="localRepository" value="C:\Users\EVPC\.m2\repository"/>
    <property name="java.vendor.url.bug" value="http://bugreport.sun.com/bugreport/"/>
    <property name="java.io.tmpdir" value="C:\Users\EVPC\AppData\Local\Temp\"/>
    <property name="java.version" value="1.8.0_271"/>
    <property name="user.dir" value="C:\Users\EVPC\IdeaProjects\hepsiburadaCase"/>
    <property name="os.arch" value="amd64"/>
    <property name="java.vm.specification.name" value="Java Virtual Machine Specification"/>
    <property name="java.awt.printerjob" value="sun.awt.windows.WPrinterJob"/>
    <property name="sun.os.patch.level" value=""/>
    <property name="java.library.path" value="C:\Program Files\Java\jdk1.8.0_271\jre\bin;C:\Windows\Sun\Java\bin;C:\Windows\system32;C:\Windows;C:\Program Files (x86)\Common Files\Oracle\Java\javapath;C:\Windows\system32;C:\Windows;C:\Windows\System32\Wbem;C:\Windows\System32\WindowsPowerShell\v1.0\;C:\Windows\System32\OpenSSH\;C:\Program Files\Git\cmd;C:\Program Files\Java\jdk1.8.0_271\bin;C:\apache-maven-3.8.3\bin;C:\Users\EVPC\AppData\Local\Programs\Python\Python39\Scripts\;C:\Users\EVPC\AppData\Local\Programs\Python\Python39\;C:\Users\EVPC\AppData\Local\Microsoft\WindowsApps;;C:\Users\EVPC\AppData\Local\Programs\Microsoft VS Code\bin;."/>
    <property name="java.vm.info" value="mixed mode"/>
    <property name="java.vendor" value="Oracle Corporation"/>
    <property name="java.vm.version" value="25.271-b09"/>
    <property name="java.ext.dirs" value="C:\Program Files\Java\jdk1.8.0_271\jre\lib\ext;C:\Windows\Sun\Java\lib\ext"/>
    <property name="sun.io.unicode.encoding" value="UnicodeLittle"/>
    <property name="java.class.version" value="52.0"/>
  </properties>
  <testcase name="Lokasyon Kontrolu" classname="Hepsiburada Case File" time="78.811">
    <system-out><![CDATA[2021-12-26 21:31:52,915 main DEBUG Initializing configuration XmlConfiguration[location=C:\Users\EVPC\IdeaProjects\hepsiburadaCase\target\classes\log4j2.xml]
2021-12-26 21:31:52,918 main DEBUG Installed script engines
2021-12-26 21:31:53,164 main DEBUG Oracle Nashorn Version: 1.8.0_271, Language: ECMAScript, Threading: Not Thread Safe, Compile: true, Names: {nashorn, Nashorn, js, JS, JavaScript, javascript, ECMAScript, ecmascript}
2021-12-26 21:31:53,165 main DEBUG PluginManager 'Core' found 97 plugins
2021-12-26 21:31:53,166 main DEBUG PluginManager 'Level' found 0 plugins
2021-12-26 21:31:53,170 main DEBUG No scheduled items
2021-12-26 21:31:53,170 main DEBUG PluginManager 'Lookup' found 13 plugins
2021-12-26 21:31:53,171 main DEBUG Building Plugin[name=layout, class=org.apache.logging.log4j.core.layout.PatternLayout].
2021-12-26 21:31:53,180 main DEBUG PluginManager 'TypeConverter' found 23 plugins
2021-12-26 21:31:53,192 main DEBUG PatternLayout$Builder(pattern="%d{HH:mm:ss.SSS} [%t] %-5level %logger{36} - %msg%n", PatternSelector=null, Configuration(C:\Users\EVPC\IdeaProjects\hepsiburadaCase\target\classes\log4j2.xml), Replace=null, charset="null", alwaysWriteExceptions="null", noConsoleNoAnsi="null", header="null", footer="null")
2021-12-26 21:31:53,193 main DEBUG PluginManager 'Converter' found 38 plugins
2021-12-26 21:31:53,194 main DEBUG Building Plugin[name=appender, class=org.apache.logging.log4j.core.appender.ConsoleAppender].
2021-12-26 21:31:53,196 main DEBUG Not in a ServletContext environment, thus not loading WebLookup plugin.
2021-12-26 21:31:53,197 main DEBUG PluginManager 'Converter' found 38 plugins
2021-12-26 21:31:53,198 main DEBUG Jansi is not installed, cannot find org.fusesource.jansi.WindowsAnsiOutputStream
2021-12-26 21:31:53,199 main DEBUG Starting OutputStreamManager SYSTEM_OUT.false-2
2021-12-26 21:31:53,205 main DEBUG ConsoleAppender$Builder(PatternLayout(%d{HH:mm:ss.SSS} [%t] %-5level %logger{36} - %msg%n), Filter=null, target="SYSTEM_OUT", name="Console", follow="null", ignoreExceptions="null")
2021-12-26 21:31:53,206 main DEBUG Jansi is not installed, cannot find org.fusesource.jansi.WindowsAnsiOutputStream
2021-12-26 21:31:53,207 main DEBUG Starting OutputStreamManager SYSTEM_OUT.false
2021-12-26 21:31:53,207 main DEBUG Building Plugin[name=layout, class=org.apache.logging.log4j.core.layout.PatternLayout].
2021-12-26 21:31:53,208 main DEBUG PatternLayout$Builder(pattern="%d{yyy-MM-dd HH:mm:ss.SSS} [%t] %-5level %logger{36} - %msg%n", PatternSelector=null, Configuration(C:\Users\EVPC\IdeaProjects\hepsiburadaCase\target\classes\log4j2.xml), Replace=null, charset="null", alwaysWriteExceptions="null", noConsoleNoAnsi="null", header="null", footer="null")
2021-12-26 21:31:53,221 main DEBUG Building Plugin[name=appender, class=org.apache.logging.log4j.core.appender.FileAppender].
2021-12-26 21:31:53,225 main DEBUG createAppender(fileName="logs/test.log", append="true", locking="null", name="MyFile", immediateFlush="false", ignoreExceptions="null", bufferedIo="null", bufferSize="null", PatternLayout(%d{yyy-MM-dd HH:mm:ss.SSS} [%t] %-5level %logger{36} - %msg%n), Filter=null, advertise="null", advertiseUri="null", Configuration(C:\Users\EVPC\IdeaProjects\hepsiburadaCase\target\classes\log4j2.xml))
2021-12-26 21:31:53,228 main DEBUG Starting FileManager logs/test.log
2021-12-26 21:31:53,229 main DEBUG Building Plugin[name=appenders, class=org.apache.logging.log4j.core.config.AppendersPlugin].
2021-12-26 21:31:53,229 main DEBUG createAppenders(={Console, MyFile})
2021-12-26 21:31:53,230 main DEBUG Building Plugin[name=AppenderRef, class=org.apache.logging.log4j.core.config.AppenderRef].
2021-12-26 21:31:53,230 main DEBUG createAppenderRef(ref="Console", level="null", Filter=null)
2021-12-26 21:31:53,231 main DEBUG Building Plugin[name=AppenderRef, class=org.apache.logging.log4j.core.config.AppenderRef].
2021-12-26 21:31:53,232 main DEBUG createAppenderRef(ref="MyFile", level="null", Filter=null)
2021-12-26 21:31:53,232 main DEBUG Building Plugin[name=root, class=org.apache.logging.log4j.core.config.LoggerConfig$RootLogger].
2021-12-26 21:31:53,233 main DEBUG createLogger(additivity="null", level="DEBUG", includeLocation="null", ={Console, MyFile}, ={}, Configuration(C:\Users\EVPC\IdeaProjects\hepsiburadaCase\target\classes\log4j2.xml), Filter=null)
2021-12-26 21:31:53,235 main DEBUG Building Plugin[name=loggers, class=org.apache.logging.log4j.core.config.LoggersPlugin].
2021-12-26 21:31:53,236 main DEBUG createLoggers(={root})
2021-12-26 21:31:53,236 main DEBUG Configuration XmlConfiguration[location=C:\Users\EVPC\IdeaProjects\hepsiburadaCase\target\classes\log4j2.xml] initialized
2021-12-26 21:31:53,237 main DEBUG Starting configuration XmlConfiguration[location=C:\Users\EVPC\IdeaProjects\hepsiburadaCase\target\classes\log4j2.xml]
2021-12-26 21:31:53,237 main DEBUG Started configuration XmlConfiguration[location=C:\Users\EVPC\IdeaProjects\hepsiburadaCase\target\classes\log4j2.xml] OK.
2021-12-26 21:31:53,237 main DEBUG Shutting down OutputStreamManager SYSTEM_OUT.false-1
2021-12-26 21:31:53,238 main DEBUG Stopped org.apache.logging.log4j.core.config.DefaultConfiguration@7d373bcf OK
2021-12-26 21:31:53,274 main DEBUG Registering MBean org.apache.logging.log4j2:type=330bedb4
2021-12-26 21:31:53,277 main DEBUG Registering MBean org.apache.logging.log4j2:type=330bedb4,component=StatusLogger
2021-12-26 21:31:53,278 main DEBUG Registering MBean org.apache.logging.log4j2:type=330bedb4,component=ContextSelector
2021-12-26 21:31:53,279 main DEBUG Registering MBean org.apache.logging.log4j2:type=330bedb4,component=Loggers,name=
2021-12-26 21:31:53,280 main DEBUG Registering MBean org.apache.logging.log4j2:type=330bedb4,component=Appenders,name=MyFile
2021-12-26 21:31:53,280 main DEBUG Registering MBean org.apache.logging.log4j2:type=330bedb4,component=Appenders,name=Console
2021-12-26 21:31:53,283 main DEBUG Reconfiguration complete for context[name=330bedb4] at URI C:\Users\EVPC\IdeaProjects\hepsiburadaCase\target\classes\log4j2.xml (org.apache.logging.log4j.core.LoggerContext@293cde83) with optional ClassLoader: null
2021-12-26 21:31:53,283 main DEBUG Shutdown hook enabled. Registering a new one.
2021-12-26 21:31:53,284 main DEBUG LoggerContext[name=330bedb4, org.apache.logging.log4j.core.LoggerContext@293cde83] started OK.
21:31:57.497 [main] INFO  Pages.MainPage - Clicked on Location
21:31:57.658 [main] INFO  Pages.MainPage - Clicked on City Selector
21:32:21.715 [main] INFO  Pages.MainPage - Item selected: İstanbul
21:32:22.356 [main] INFO  Pages.MainPage - Clicked on Town Selector
21:32:28.158 [main] INFO  Pages.MainPage - Item selected: Beşiktaş
21:32:28.807 [main] INFO  Pages.MainPage - Clicked on District Selector
21:32:41.005 [main] INFO  Pages.MainPage - Item selected: Yıldız
21:32:41.668 [main] INFO  Pages.MainPage - Clicked on save location
21:32:42.414 [main] INFO  Pages.MainPage - Location saved successfully
21:32:45.407 [main] INFO  Pages.MainPage - Clicked on categories
21:32:47.698 [main] INFO  Pages.CategoriesPage - Random Category Number : 4
21:32:51.997 [main] INFO  Pages.CategoryPage - TextView Location: İstanbul
]]></system-out>
    <system-err><![CDATA[Ara 26, 2021 9:31:52 PM io.appium.java_client.remote.AppiumCommandExecutor$1 lambda$0
INFO: Detected dialect: W3C
]]></system-err>
  </testcase>
  <testcase name="Super Fiyat Favoriler" classname="Hepsiburada Case File" time="335.183">
    <error type="org.openqa.selenium.NoSuchElementException"><![CDATA[org.openqa.selenium.NoSuchElementException: Can't locate an element by this strategy: By.chained({By.id: com.pozitron.hepsiburada:id/price})
Caused by: org.openqa.selenium.TimeoutException: Expected condition failed: waiting for io.appium.java_client.pagefactory.AppiumElementLocator$WaitingFunction@1e43e323 (tried for 1 second(s) with 500 milliseconds interval)
Caused by: org.openqa.selenium.NoSuchElementException: 
Cannot locate an element using By.chained({By.id: com.pozitron.hepsiburada:id/price})
For documentation on this error, please visit: https://www.seleniumhq.org/exceptions/no_such_element.html
Build info: version: '3.141.59', revision: 'e82be7d358', time: '2018-11-14T08:17:03'
System info: host: 'DESKTOP-RSVC8JN', ip: '192.168.2.176', os.name: 'Windows 10', os.arch: 'amd64', os.version: '10.0', java.version: '1.8.0_271'
Driver info: driver.version: AndroidDriver
]]></error>
    <system-out><![CDATA[21:33:17.896 [main] INFO  Pages.MainPage - Clicked on super prices
21:33:18.689 [main] INFO  Pages.SuperPricePage - Selected item with multiple images
21:34:08.045 [main] INFO  Pages.ProductPage - Scrolled until the end
21:34:08.283 [main] INFO  Pages.ProductPage - Clicked on back button
21:35:31.986 [main] INFO  Pages.ProductPage - Clicked on favorites button
21:35:43.811 [main] INFO  Pages.LoginPage - Login Successful for armagansadikoglu@hotmail.com
21:36:05.368 [main] INFO  Pages.ProductPage - Clicked on back button
21:36:05.473 [main] INFO  Pages.MainPage - Clicked on my list
21:36:36.161 [main] INFO  Pages.ListPage - Recorded Price4.299,00 TL
21:36:36.161 [main] INFO  Pages.ListPage - Recorded TitleXiaomi Mi Robot Vacuum Mop Pro Beyaz - Akıllı Robot Süpürge
21:37:06.811 [main] INFO  Pages.ListPage - Item Price24,68 TL
21:37:37.168 [main] INFO  Pages.ListPage - Item TitleCaseart Samsung Galaxy M32 Temperli Ekran Koruyucu Kırılmaz Cam
21:38:08.161 [main] INFO  Pages.ProductPage - Clicked on back button
]]></system-out>
    <system-err><![CDATA[Ara 26, 2021 9:33:09 PM io.appium.java_client.remote.AppiumCommandExecutor$1 lambda$0
INFO: Detected dialect: W3C
]]></system-err>
  </testcase>
</testsuite>